#
# There is insufficient memory for the Java Runtime Environment to continue.
# Native memory allocation (mmap) failed to map 536870912 bytes for Failed to commit area from 0x0000000601000000 to 0x0000000621000000 of length 536870912.
# Possible reasons:
#   The system is out of physical RAM or swap space
#   The process is running with CompressedOops enabled, and the Java Heap may be blocking the growth of the native heap
# Possible solutions:
#   Reduce memory load on the system
#   Increase physical memory or swap space
#   Check if swap backing store is full
#   Decrease Java heap size (-Xmx/-Xms)
#   Decrease number of Java threads
#   Decrease Java thread stack sizes (-Xss)
#   Set larger code cache with -XX:ReservedCodeCacheSize=
#   JVM is running with Zero Based Compressed Oops mode in which the Java heap is
#     placed in the first 32GB address space. The Java Heap base address is the
#     maximum limit for the native heap growth. Please use -XX:HeapBaseMinAddress
#     to set the Java Heap base and to place the Java Heap above 32GB virtual address.
# This output file may be truncated or incomplete.
#
#  Out of Memory Error (./open/src/hotspot/os/windows/os_windows.cpp:3315), pid=5716, tid=18016
#
# JRE version:  (14.0.1+7) (build )
# Java VM: Java HotSpot(TM) 64-Bit Server VM (14.0.1+7, mixed mode, sharing, tiered, compressed oops, g1 gc, windows-amd64)
# No core dump will be written. Minidumps are not enabled by default on client versions of Windows
#

---------------  S U M M A R Y ------------

Command Line: C:\Users\Bryan\AppData\Local\Temp\surefire16629056447747005781\surefirebooter17346324827506090221.jar C:\Users\Bryan\AppData\Local\Temp\surefire16629056447747005781 2020-11-22T20-38-29_294-jvmRun1 surefire18364756361506670674tmp surefire_015241594757586379516tmp

Host: AMD Ryzen 5 2600 Six-Core Processor            , 12 cores, 31G,  Windows 10 , 64 bit Build 18362 (10.0.18362.1110)
Time: Sun Nov 22 20:38:29 2020 GMT Standard Time elapsed time: 0 seconds (0d 0h 0m 0s)

---------------  T H R E A D  ---------------

Current thread (0x000001ebf4fb1000):  JavaThread "Unknown thread" [_thread_in_vm, id=18016, stack(0x0000001110600000,0x0000001110700000)]

Stack: [0x0000001110600000,0x0000001110700000]
Native frames: (J=compiled Java code, j=interpreted, Vv=VM code, C=native code)
V  [jvm.dll+0x5f840a]
V  [jvm.dll+0x741e4a]
V  [jvm.dll+0x7435ff]
V  [jvm.dll+0x743c43]
V  [jvm.dll+0x20d288]
V  [jvm.dll+0x5f57ba]
V  [jvm.dll+0x5ea615]
V  [jvm.dll+0x2c7e9c]
V  [jvm.dll+0x2c7cd2]
V  [jvm.dll+0x2cdbbc]
V  [jvm.dll+0x313ff8]
V  [jvm.dll+0x313720]
V  [jvm.dll+0x2a092a]
V  [jvm.dll+0x2a1a79]
V  [jvm.dll+0x71f718]
V  [jvm.dll+0x321c44]
V  [jvm.dll+0x700b0c]
V  [jvm.dll+0x392dff]
V  [jvm.dll+0x394e71]
C  [jli.dll+0x523b]
C  [ucrtbase.dll+0x210b2]
C  [KERNEL32.DLL+0x17c24]
C  [ntdll.dll+0x6d4d1]


---------------  P R O C E S S  ---------------

Threads class SMR info:
_java_thread_list=0x00007fff5e673078, length=0, elements={
}

Java Threads: ( => current thread )

Other Threads:
  0x000001ebf5034000 GCTaskThread "GC Thread#0" [stack: 0x0000001110700000,0x0000001110800000] [id=6844]
  0x000001ebf5056800 ConcurrentGCThread "G1 Main Marker" [stack: 0x0000001110800000,0x0000001110900000] [id=14720]
  0x000001ebf5059800 ConcurrentGCThread "G1 Conc#0" [stack: 0x0000001110900000,0x0000001110a00000] [id=4292]

[error occurred during error reporting (printing all threads), id 0xc0000005, EXCEPTION_ACCESS_VIOLATION (0xc0000005) at pc=0x00007fff5dea1257]

VM state:not at safepoint (not fully initialized)

VM Mutex/Monitor currently owned by a thread:  ([mutex/lock_event])
[0x000001ebf4edc9a0] Heap_lock - owner thread: 0x000001ebf4fb1000

Heap address: 0x0000000601000000, size: 8176 MB, Compressed Oops mode: Zero based, Oop shift amount: 3
Narrow klass base: 0x0000000000000000, Narrow klass shift: 0

GC Heap History (0 events):
No events

Deoptimization events (0 events):
No events

Classes unloaded (0 events):
No events

Classes redefined (0 events):
No events

Internal exceptions (0 events):
No events

Events (2 events):
Event: 0.005 Loaded shared library C:\Program Files\Java\jdk-14.0.1\bin\java.dll
Event: 0.006 Loaded shared library C:\Program Files\Java\jdk-14.0.1\bin\zip.dll


Dynamic libraries:
0x00007ff6d1720000 - 0x00007ff6d172f000 	C:\Program Files\Java\jdk-14.0.1\bin\java.exe
0x00007fff92c40000 - 0x00007fff92e30000 	C:\WINDOWS\SYSTEM32\ntdll.dll
0x00007fff91830000 - 0x00007fff918e2000 	C:\WINDOWS\System32\KERNEL32.DLL
0x00007fff90080000 - 0x00007fff90325000 	C:\WINDOWS\System32\KERNELBASE.dll
0x00007fff8dcd0000 - 0x00007fff8dd5f000 	C:\WINDOWS\SYSTEM32\apphelp.dll
0x00007fff8fc40000 - 0x00007fff8fd3a000 	C:\WINDOWS\System32\ucrtbase.dll
0x00007fff8a4f0000 - 0x00007fff8a505000 	C:\Program Files\Java\jdk-14.0.1\bin\VCRUNTIME140.dll
0x00007fff808e0000 - 0x00007fff808f8000 	C:\Program Files\Java\jdk-14.0.1\bin\jli.dll
0x00007fff92910000 - 0x00007fff929b3000 	C:\WINDOWS\System32\ADVAPI32.dll
0x00007fff92220000 - 0x00007fff922be000 	C:\WINDOWS\System32\msvcrt.dll
0x00007fff929c0000 - 0x00007fff92a57000 	C:\WINDOWS\System32\sechost.dll
0x00007fff91b10000 - 0x00007fff91c30000 	C:\WINDOWS\System32\RPCRT4.dll
0x00007fff92a60000 - 0x00007fff92bf4000 	C:\WINDOWS\System32\USER32.dll
0x00007fff8fda0000 - 0x00007fff8fdc1000 	C:\WINDOWS\System32\win32u.dll
0x00007fff7cd90000 - 0x00007fff7d014000 	C:\WINDOWS\WinSxS\amd64_microsoft.windows.common-controls_6595b64144ccf1df_6.0.18362.1198_none_9e820b57e45ad92f\COMCTL32.dll
0x00007fff91ac0000 - 0x00007fff91ae6000 	C:\WINDOWS\System32\GDI32.dll
0x00007fff91e80000 - 0x00007fff921b5000 	C:\WINDOWS\System32\combase.dll
0x00007fff90bd0000 - 0x00007fff90d66000 	C:\WINDOWS\System32\gdi32full.dll
0x00007fff8ff20000 - 0x00007fff8ffa0000 	C:\WINDOWS\System32\bcryptPrimitives.dll
0x00007fff90b30000 - 0x00007fff90bce000 	C:\WINDOWS\System32\msvcp_win.dll
0x00007fff86670000 - 0x00007fff8667a000 	C:\WINDOWS\SYSTEM32\VERSION.dll
0x00007fff90e60000 - 0x00007fff90e8e000 	C:\WINDOWS\System32\IMM32.DLL
0x00007fff7c7a0000 - 0x00007fff7c83b000 	C:\Program Files\Java\jdk-14.0.1\bin\msvcp140.dll
0x00007fff5dbf0000 - 0x00007fff5e70e000 	C:\Program Files\Java\jdk-14.0.1\bin\server\jvm.dll
0x00007fff91af0000 - 0x00007fff91af8000 	C:\WINDOWS\System32\PSAPI.DLL
0x00007fff8ae70000 - 0x00007fff8ae79000 	C:\WINDOWS\SYSTEM32\WSOCK32.dll
0x00007fff8c7f0000 - 0x00007fff8c814000 	C:\WINDOWS\SYSTEM32\WINMM.dll
0x00007fff918f0000 - 0x00007fff9195f000 	C:\WINDOWS\System32\WS2_32.dll
0x00007fff8c7c0000 - 0x00007fff8c7ed000 	C:\WINDOWS\SYSTEM32\WINMMBASE.dll
0x00007fff90350000 - 0x00007fff9039a000 	C:\WINDOWS\System32\cfgmgr32.dll
0x00007fff8fb80000 - 0x00007fff8fb91000 	C:\WINDOWS\System32\kernel.appcore.dll
0x00007fff8a4e0000 - 0x00007fff8a4ea000 	C:\Program Files\Java\jdk-14.0.1\bin\jimage.dll
0x00007fff88a00000 - 0x00007fff88bf4000 	C:\WINDOWS\SYSTEM32\DBGHELP.DLL
0x00007fff7e060000 - 0x00007fff7e08a000 	C:\WINDOWS\SYSTEM32\dbgcore.DLL
0x00007fff80610000 - 0x00007fff80635000 	C:\Program Files\Java\jdk-14.0.1\bin\java.dll
0x00007fff808c0000 - 0x00007fff808d6000 	C:\Program Files\Java\jdk-14.0.1\bin\zip.dll

dbghelp: loaded successfully - version: 4.0.5 - missing functions: none
symbol engine: initialized successfully - sym options: 0x614 - pdb path: .;C:\Program Files\Java\jdk-14.0.1\bin;C:\WINDOWS\SYSTEM32;C:\WINDOWS\WinSxS\amd64_microsoft.windows.common-controls_6595b64144ccf1df_6.0.18362.1198_none_9e820b57e45ad92f;C:\Program Files\Java\jdk-14.0.1\bin\server

VM Arguments:
java_command: C:\Users\Bryan\AppData\Local\Temp\surefire16629056447747005781\surefirebooter17346324827506090221.jar C:\Users\Bryan\AppData\Local\Temp\surefire16629056447747005781 2020-11-22T20-38-29_294-jvmRun1 surefire18364756361506670674tmp surefire_015241594757586379516tmp
java_class_path (initial): C:\Users\Bryan\AppData\Local\Temp\surefire16629056447747005781\surefirebooter17346324827506090221.jar
Launcher Type: SUN_STANDARD

[Global flags]
     intx CICompilerCount                          = 4                                         {product} {ergonomic}
     uint ConcGCThreads                            = 3                                         {product} {ergonomic}
     uint G1ConcRefinementThreads                  = 10                                        {product} {ergonomic}
   size_t G1HeapRegionSize                         = 2097152                                   {product} {ergonomic}
    uintx GCDrainStackTargetSize                   = 64                                        {product} {ergonomic}
   size_t InitialHeapSize                          = 536870912                                 {product} {ergonomic}
   size_t MarkStackSize                            = 4194304                                   {product} {ergonomic}
   size_t MaxHeapSize                              = 8573157376                                {product} {ergonomic}
   size_t MinHeapDeltaBytes                        = 2097152                                   {product} {ergonomic}
   size_t MinHeapSize                              = 8388608                                   {product} {ergonomic}
    uintx NonNMethodCodeHeapSize                   = 5839372                                {pd product} {ergonomic}
    uintx NonProfiledCodeHeapSize                  = 122909434                              {pd product} {ergonomic}
    uintx ProfiledCodeHeapSize                     = 122909434                              {pd product} {ergonomic}
    uintx ReservedCodeCacheSize                    = 251658240                              {pd product} {ergonomic}
     bool SegmentedCodeCache                       = true                                      {product} {ergonomic}
   size_t SoftMaxHeapSize                          = 8573157376                             {manageable} {ergonomic}
     bool UseCompressedClassPointers               = true                                 {lp64_product} {ergonomic}
     bool UseCompressedOops                        = true                                 {lp64_product} {ergonomic}
     bool UseG1GC                                  = true                                      {product} {ergonomic}
     bool UseLargePagesIndividualAllocation        = false                                  {pd product} {ergonomic}

Logging:
Log output configuration:
 #0: stdout all=warning uptime,level,tags
 #1: stderr all=off uptime,level,tags

Environment Variables:
JAVA_HOME=C:/Program Files/Java/jdk-14.0.1
PATH=C:\Users\Bryan\miniconda3;C:\Users\Bryan\miniconda3\Library\mingw-w64\bin;C:\Users\Bryan\miniconda3\Library\usr\bin;C:\Users\Bryan\miniconda3\Library\bin;C:\Users\Bryan\miniconda3\Scripts;C:\Users\Bryan\miniconda3\bin;C:\Users\Bryan\miniconda3\Scripts\condabin;C:\Program Files\Git\mingw64\bin;C:\Program Files\Git\usr\bin;C:\Users\Bryan\bin;C:\Program Files\AdoptOpenJDK\jdk-11.0.8.10-hotspot\bin;C:\Program Files\Java\jdk1.8.0_241\bin;C:\Program Files (x86)\Common Files\Oracle\Java\javapath;C:\WINDOWS\system32;C:\WINDOWS;C:\WINDOWS\System32\Wbem;C:\WINDOWS\System32\WindowsPowerShell\v1.0;C:\Program Files\Microsoft VS Code\bin;C:\WINDOWS\System32\OpenSSH;C:\Program Files\AMD\StoreMI\ECmd;C:\Program Files\nodejs;C:\Program Files\MATLAB\R2020b\runtime\win64;C:\Program Files\MATLAB\R2020b\bin;C:\Program Files\Docker\Docker\resources\bin;C:\ProgramData\DockerDesktop\version-bin;C:\texlive\2020\bin\win32;C:\Program Files\Git\cmd;C:\Users\Bryan\flutter\bin;C:\Program Files\MySQL\MySQL Shell 8.0\bin;C:\Ruby26-x64\bin;C:\Users\Bryan\miniconda3\condabin;C:\Users\Bryan\AppData\Local\Programs\Python\Python38;C:\Users\Bryan\AppData\Local\Programs\Python\Python38\Scripts;T:\CS Degree\Bryan Stage 4 Sem 1\COMP30900 Final Year Project Foundations\RnD\env;C:\Users\Bryan\AppData\Local\Microsoft\WindowsApps;C:\Users\Bryan\AppData\Local\Programs\Microsoft VS Code\bin;C:\Program Files\apache-maven-3.6.3\bin;C:\Apache24\bin;C:\Program Files\MySQL\MySQL Server 8.0\bin;C:\Program Files\MongoDB\Server\4.2\bin;C:\nginx-1.16.1;C:\Users\Bryan\AppData\Roaming\npm;C:\Program Files\JetBrains\IntelliJ IDEA 2019.3.3\bin;C:\Users\Bryan\AppData\Local\Pandoc
USERNAME=Bryan
OS=Windows_NT
PROCESSOR_IDENTIFIER=AMD64 Family 23 Model 8 Stepping 2, AuthenticAMD



---------------  S Y S T E M  ---------------

OS: Windows 10 , 64 bit Build 18362 (10.0.18362.1110)
OS uptime: 9 days 10:46 hours

CPU:total 12 (initial active 12) (12 cores per cpu, 2 threads per core) family 23 model 8 stepping 2, cmov, cx8, fxsr, mmx, sse, sse2, sse3, ssse3, sse4.1, sse4.2, popcnt, avx, avx2, aes, clmul, mmxext, 3dnowpref, lzcnt, sse4a, ht, tsc, tscinvbit, tscinv, bmi1, bmi2, adx, sha, fma

Memory: 4k page, system-wide physical 32699M (8892M free)
TotalPageFile size 32699M (AvailPageFile size 484M)
current process WorkingSet (physical memory assigned to process): 11M, peak: 11M
current process commit charge ("private bytes"): 65M, peak: 577M

vm_info: Java HotSpot(TM) 64-Bit Server VM (14.0.1+7) for windows-amd64 JRE (14.0.1+7), built on Mar  5 2020 10:30:14 by "mach5one" with MS VC++ 15.9 (VS2017)

END.
